<!DOCTYPE html PUBLIC "-//W3C//DTD XHTML 1.1//EN" "https://www.w3.org/TR/xhtml11/DTD/xhtml11.dtd">
<html xmlns="https://www.w3.org/1999/xhtml">
<head>
<meta charset='utf-8'>
<title>TestNG Report</title>
<style type="text/css">
table {margin-bottom:10px;border-collapse:collapse;empty-cells:show}
td,th {border:1px solid #009;padding:.25em .5em}
.result th {vertical-align:bottom}
.param th {padding-left:1em;padding-right:1em}
.param td {padding-left:.5em;padding-right:2em}
.stripe td,.stripe th {background-color: #E6EBF9}
.numi,.numi_attn {text-align:right}
.total td {font-weight:bold}
.passedodd td {background-color: #0A0}
.passedeven td {background-color: #3F3}
.skippedodd td {background-color: #CCC}
.skippedodd td {background-color: #DDD}
.failedodd td,.numi_attn {background-color: #F33}
.failedeven td,.stripe .numi_attn {background-color: #D00}
.stacktrace {white-space:pre;font-family:monospace}
.totop {font-size:85%;text-align:center;border-bottom:2px solid #000}
</style>
</head>
<body>
<table cellspacing="0" cellpadding="0" class="testOverview">
<tr><th>Test</th><th>Methods<br/>Passed</th><th>Scenarios<br/>Passed</th><th># skipped</th><th># failed</th><th>Total<br/>Time</th><th>Included<br/>Groups</th><th>Excluded<br/>Groups</th></tr>
<tr><td style="text-align:left;padding-right:2em"><a href="#t1">SeleniumDemoKN</a></td><td class="numi">12</td><td class="numi">12</td><td class="numi">0</td><td class="numi_attn">7</td><td class="numi">26.3 seconds</td><td class="numi"></td><td class="numi"></td></tr>
</table>
<table cellspacing="0" cellpadding="0" class="methodOverview" id="summary">
<tr><th>Class</th><th>Method</th><th># of<br/>Scenarios</th><th>Start</th><th>Time<br/>(ms)</th></tr>
<tr id="t1"><th colspan="5">SeleniumDemoKN &#8212; failed</th></tr>
<tr class="failedodd"><td rowspan="7">assignmentTestSuite.TestCase5</td><td><a href="#m1"><b>verifySauceLabsBackpackPrice</b>  </a></td><td class="numi">1</td><td>1668084185966</td><td class="numi">56</td></tr><tr class="failedodd"><td><a href="#m2"><b>verifySauceLabsBackpackTitle</b>  </a></td><td class="numi">1</td><td>1668084185851</td><td class="numi">57</td></tr><tr class="failedodd"><td><a href="#m3"><b>addFleeceJacketToCart</b>  </a></td><td class="numi">1</td><td>1668084191395</td><td class="numi">5313</td></tr><tr class="failedodd"><td><a href="#m4"><b>verifyThankYou</b>  </a></td><td class="numi">1</td><td>1668084202527</td><td class="numi">5267</td></tr><tr class="failedodd"><td><a href="#m5"><b>finishOrder</b>  </a></td><td class="numi">1</td><td>1668084197264</td><td class="numi">5261</td></tr><tr class="failedodd"><td><a href="#m6"><b>verifySauceLabsBackpackDescription</b>  </a></td><td class="numi">1</td><td>1668084185916</td><td class="numi">48</td></tr><tr class="failedodd"><td><a href="#m7"><b>addProductToCart</b>  </a></td><td class="numi">1</td><td>1668084186024</td><td class="numi">5252</td></tr>
<tr><th colspan="5">SeleniumDemoKN &#8212; passed</th></tr>
<tr class="passedodd"><td rowspan="12">assignmentTestSuite.TestCase5</td><td><a href="#m8"><b>fillZipPostalCode</b>  </a></td><td class="numi">1</td><td>1668084197129</td><td class="numi">76</td></tr><tr class="passedodd"><td><a href="#m9"><b>login</b>  </a></td><td class="numi">1</td><td>1668084185533</td><td class="numi">137</td></tr><tr class="passedodd"><td><a href="#m10"><b>continueToCheckOut</b>  </a></td><td class="numi">1</td><td>1668084197206</td><td class="numi">56</td></tr><tr class="passedodd"><td><a href="#m11"><b>open</b>  </a></td><td class="numi">1</td><td>1668084183985</td><td class="numi">1135</td></tr><tr class="passedodd"><td><a href="#m12"><b>backToProducts</b>  </a></td><td class="numi">1</td><td>1668084191281</td><td class="numi">113</td></tr><tr class="passedodd"><td><a href="#m13"><b>openShoppingCartPage</b>  </a></td><td class="numi">1</td><td>1668084196710</td><td class="numi">106</td></tr><tr class="passedodd"><td><a href="#m14"><b>clickSauceLabsBackpack</b>  </a></td><td class="numi">1</td><td>1668084185671</td><td class="numi">179</td></tr><tr class="passedodd"><td><a href="#m15"><b>checkoutOrder</b>  </a></td><td class="numi">1</td><td>1668084196818</td><td class="numi">93</td></tr><tr class="passedodd"><td><a href="#m16"><b>fillFirstName</b>  </a></td><td class="numi">1</td><td>1668084196913</td><td class="numi">125</td></tr><tr class="passedodd"><td><a href="#m17"><b>inputUsername</b>  </a></td><td class="numi">1</td><td>1668084185126</td><td class="numi">252</td></tr><tr class="passedodd"><td><a href="#m18"><b>fillLastName</b>  </a></td><td class="numi">1</td><td>1668084197039</td><td class="numi">89</td></tr><tr class="passedodd"><td><a href="#m19"><b>inputPassword</b>  </a></td><td class="numi">1</td><td>1668084185385</td><td class="numi">145</td></tr>
</table>
<h1>SeleniumDemoKN</h1>
<h2 id="m1">assignmentTestSuite.TestCase5:finishOrder</h2>
<div>
<h3>Test Messages</h3>
Use button "finish" after list of products in cart is displayed.<br/>
<h3>Failure</h3>
<div class="stacktrace">org.openqa.selenium.TimeoutException: Expected condition failed: waiting for visibility of element located by By.className: checkout_summary_container (tried for 5 second(s) with 500 milliseconds interval)
Build info: version: &apos;4.4.0&apos;, revision: &apos;e5c75ed026a&apos;
System info: host: &apos;CTMK-KNEUMOVA&apos;, ip: &apos;10.195.128.100&apos;, os.name: &apos;Windows 10&apos;, os.arch: &apos;amd64&apos;, os.version: &apos;10.0&apos;, java.version: &apos;17.0.5&apos;
Driver info: org.openqa.selenium.edge.EdgeDriver
Capabilities {acceptInsecureCerts: false, browserName: msedge, browserVersion: 107.0.1418.35, ms:edgeOptions: {debuggerAddress: localhost:60123}, msedge: {msedgedriverVersion: 107.0.1418.35 (806ca5c53c4f..., userDataDir: C:\Users\kneumova\AppData\L...}, networkConnectionEnabled: false, pageLoadStrategy: normal, platformName: WINDOWS, proxy: Proxy(), se:cdp: ws://localhost:60123/devtoo..., se:cdpVersion: 107.0.1418.35, setWindowRect: true, strictFileInteractability: false, timeouts: {implicit: 0, pageLoad: 300000, script: 30000}, unhandledPromptBehavior: dismiss and notify, webauthn:extension:credBlob: true, webauthn:extension:largeBlob: true, webauthn:virtualAuthenticators: true}
Session ID: f7864961e8c0154f789cccda965de17b
	at org.openqa.selenium.support.ui.WebDriverWait.timeoutException(WebDriverWait.java:87)
	at org.openqa.selenium.support.ui.FluentWait.until(FluentWait.java:231)
	at assignmentTestSuite.TestCase2.finishOrder(TestCase2.java:161)
	at java.base/java.util.ArrayList.forEach(ArrayList.java:1511)
	at com.intellij.rt.testng.IDEARemoteTestNG.run(IDEARemoteTestNG.java:66)
	at com.intellij.rt.testng.RemoteTestNGStarter.main(RemoteTestNGStarter.java:109)
... Removed 24 stack frames</div>
</div>
<p class="totop"><a href="#summary">back to summary</a></p>
<h2 id="m2">assignmentTestSuite.TestCase5:verifySauceLabsBackpackPrice</h2>
<div>
<h3>Test Messages</h3>
Verify product price on inventory item page is set to specified value.<br/>
<h3>Failure</h3>
<div class="stacktrace">java.lang.AssertionError: expected [$29.99] but found [$49.99]
	at assignmentTestSuite.TestCase2.verifySauceLabsBackpackPrice(TestCase2.java:79)
	at java.base/java.util.ArrayList.forEach(ArrayList.java:1511)
	at com.intellij.rt.testng.IDEARemoteTestNG.run(IDEARemoteTestNG.java:66)
	at com.intellij.rt.testng.RemoteTestNGStarter.main(RemoteTestNGStarter.java:109)
... Removed 30 stack frames</div>
</div>
<p class="totop"><a href="#summary">back to summary</a></p>
<h2 id="m3">assignmentTestSuite.TestCase5:verifySauceLabsBackpackDescription</h2>
<div>
<h3>Test Messages</h3>
Verify product description on inventory item page is set to specified text.<br/>
<h3>Failure</h3>
<div class="stacktrace">java.lang.AssertionError: expected [carry.allTheThings() with the sleek, streamlined Sly Pack that melds uncompromising style with unequaled laptop and tablet protection.] but found [It&apos;s not every day that you come across a midweight quarter-zip fleece jacket capable of handling everything from a relaxing day outdoors to a busy day at the office.]
	at assignmentTestSuite.TestCase2.verifySauceLabsBackpackDescription(TestCase2.java:71)
	at java.base/java.util.ArrayList.forEach(ArrayList.java:1511)
	at com.intellij.rt.testng.IDEARemoteTestNG.run(IDEARemoteTestNG.java:66)
	at com.intellij.rt.testng.RemoteTestNGStarter.main(RemoteTestNGStarter.java:109)
... Removed 30 stack frames</div>
</div>
<p class="totop"><a href="#summary">back to summary</a></p>
<h2 id="m4">assignmentTestSuite.TestCase5:verifySauceLabsBackpackTitle</h2>
<div>
<h3>Test Messages</h3>
Verify product title on inventory item page is set to specified text<br/>
<h3>Failure</h3>
<div class="stacktrace">java.lang.AssertionError: expected [Sauce Labs Backpack] but found [Sauce Labs Fleece Jacket]
	at assignmentTestSuite.TestCase2.verifySauceLabsBackpackTitle(TestCase2.java:63)
	at java.base/java.util.ArrayList.forEach(ArrayList.java:1511)
	at com.intellij.rt.testng.IDEARemoteTestNG.run(IDEARemoteTestNG.java:66)
	at com.intellij.rt.testng.RemoteTestNGStarter.main(RemoteTestNGStarter.java:109)
... Removed 30 stack frames</div>
</div>
<p class="totop"><a href="#summary">back to summary</a></p>
<h2 id="m5">assignmentTestSuite.TestCase5:addFleeceJacketToCart</h2>
<div>
<h3>Test Messages</h3>
Add fleece jacket product to cart by using "add to cart" button from product home page.<br/>
<h3>Failure</h3>
<div class="stacktrace">org.openqa.selenium.TimeoutException: Expected condition failed: waiting for element to be clickable: By.xpath: //button[name=&apos;add-to-cart-sauce-labs-fleece-jacket&apos;] (tried for 5 second(s) with 500 milliseconds interval)
Build info: version: &apos;4.4.0&apos;, revision: &apos;e5c75ed026a&apos;
System info: host: &apos;CTMK-KNEUMOVA&apos;, ip: &apos;10.195.128.100&apos;, os.name: &apos;Windows 10&apos;, os.arch: &apos;amd64&apos;, os.version: &apos;10.0&apos;, java.version: &apos;17.0.5&apos;
Driver info: org.openqa.selenium.edge.EdgeDriver
Capabilities {acceptInsecureCerts: false, browserName: msedge, browserVersion: 107.0.1418.35, ms:edgeOptions: {debuggerAddress: localhost:60123}, msedge: {msedgedriverVersion: 107.0.1418.35 (806ca5c53c4f..., userDataDir: C:\Users\kneumova\AppData\L...}, networkConnectionEnabled: false, pageLoadStrategy: normal, platformName: WINDOWS, proxy: Proxy(), se:cdp: ws://localhost:60123/devtoo..., se:cdpVersion: 107.0.1418.35, setWindowRect: true, strictFileInteractability: false, timeouts: {implicit: 0, pageLoad: 300000, script: 30000}, unhandledPromptBehavior: dismiss and notify, webauthn:extension:credBlob: true, webauthn:extension:largeBlob: true, webauthn:virtualAuthenticators: true}
Session ID: f7864961e8c0154f789cccda965de17b
	at org.openqa.selenium.support.ui.WebDriverWait.timeoutException(WebDriverWait.java:87)
	at org.openqa.selenium.support.ui.FluentWait.until(FluentWait.java:231)
	at assignmentTestSuite.TestCase2.addFleeceJacketToCart(TestCase2.java:103)
	at java.base/java.util.ArrayList.forEach(ArrayList.java:1511)
	at com.intellij.rt.testng.IDEARemoteTestNG.run(IDEARemoteTestNG.java:66)
	at com.intellij.rt.testng.RemoteTestNGStarter.main(RemoteTestNGStarter.java:109)
... Removed 24 stack frames</div>
</div>
<p class="totop"><a href="#summary">back to summary</a></p>
<h2 id="m6">assignmentTestSuite.TestCase5:addProductToCart</h2>
<div>
<h3>Test Messages</h3>
Add product to cart by using "add to cart" button.<br/>
<h3>Failure</h3>
<div class="stacktrace">org.openqa.selenium.TimeoutException: Expected condition failed: waiting for element to be clickable: By.id: add-to-cart-sauce-labs-backpack (tried for 5 second(s) with 500 milliseconds interval)
Build info: version: &apos;4.4.0&apos;, revision: &apos;e5c75ed026a&apos;
System info: host: &apos;CTMK-KNEUMOVA&apos;, ip: &apos;10.195.128.100&apos;, os.name: &apos;Windows 10&apos;, os.arch: &apos;amd64&apos;, os.version: &apos;10.0&apos;, java.version: &apos;17.0.5&apos;
Driver info: org.openqa.selenium.edge.EdgeDriver
Capabilities {acceptInsecureCerts: false, browserName: msedge, browserVersion: 107.0.1418.35, ms:edgeOptions: {debuggerAddress: localhost:60123}, msedge: {msedgedriverVersion: 107.0.1418.35 (806ca5c53c4f..., userDataDir: C:\Users\kneumova\AppData\L...}, networkConnectionEnabled: false, pageLoadStrategy: normal, platformName: WINDOWS, proxy: Proxy(), se:cdp: ws://localhost:60123/devtoo..., se:cdpVersion: 107.0.1418.35, setWindowRect: true, strictFileInteractability: false, timeouts: {implicit: 0, pageLoad: 300000, script: 30000}, unhandledPromptBehavior: dismiss and notify, webauthn:extension:credBlob: true, webauthn:extension:largeBlob: true, webauthn:virtualAuthenticators: true}
Session ID: f7864961e8c0154f789cccda965de17b
	at org.openqa.selenium.support.ui.WebDriverWait.timeoutException(WebDriverWait.java:87)
	at org.openqa.selenium.support.ui.FluentWait.until(FluentWait.java:231)
	at assignmentTestSuite.TestCase2.addProductToCart(TestCase2.java:86)
	at java.base/java.util.ArrayList.forEach(ArrayList.java:1511)
	at com.intellij.rt.testng.IDEARemoteTestNG.run(IDEARemoteTestNG.java:66)
	at com.intellij.rt.testng.RemoteTestNGStarter.main(RemoteTestNGStarter.java:109)
... Removed 24 stack frames</div>
</div>
<p class="totop"><a href="#summary">back to summary</a></p>
<h2 id="m7">assignmentTestSuite.TestCase5:verifyThankYou</h2>
<div>
<h3>Test Messages</h3>
Verify thank you message is displayed and text is equal to specified value.<br/>
<h3>Failure</h3>
<div class="stacktrace">org.openqa.selenium.TimeoutException: Expected condition failed: waiting for presence of element located by: By.id: checkout_complete_container (tried for 5 second(s) with 500 milliseconds interval)
	at org.openqa.selenium.support.ui.WebDriverWait.timeoutException(WebDriverWait.java:87)
	at org.openqa.selenium.support.ui.FluentWait.until(FluentWait.java:231)
	at assignmentTestSuite.TestCase2.verifyThankYou(TestCase2.java:171)
	at java.base/java.util.ArrayList.forEach(ArrayList.java:1511)
	at com.intellij.rt.testng.IDEARemoteTestNG.run(IDEARemoteTestNG.java:66)
	at com.intellij.rt.testng.RemoteTestNGStarter.main(RemoteTestNGStarter.java:109)
Caused by: org.openqa.selenium.NoSuchElementException: no such element: Unable to locate element: {&quot;method&quot;:&quot;css selector&quot;,&quot;selector&quot;:&quot;#checkout_complete_container&quot;}
  (Session info: MicrosoftEdge=107.0.1418.35)
For documentation on this error, please visit: https://selenium.dev/exceptions/#no_such_element
Build info: version: &apos;4.4.0&apos;, revision: &apos;e5c75ed026a&apos;
System info: host: &apos;CTMK-KNEUMOVA&apos;, ip: &apos;10.195.128.100&apos;, os.name: &apos;Windows 10&apos;, os.arch: &apos;amd64&apos;, os.version: &apos;10.0&apos;, java.version: &apos;17.0.5&apos;
Driver info: org.openqa.selenium.edge.EdgeDriver
Command: [f7864961e8c0154f789cccda965de17b, findElement {using=id, value=checkout_complete_container}]
Capabilities {acceptInsecureCerts: false, browserName: msedge, browserVersion: 107.0.1418.35, ms:edgeOptions: {debuggerAddress: localhost:60123}, msedge: {msedgedriverVersion: 107.0.1418.35 (806ca5c53c4f..., userDataDir: C:\Users\kneumova\AppData\L...}, networkConnectionEnabled: false, pageLoadStrategy: normal, platformName: WINDOWS, proxy: Proxy(), se:cdp: ws://localhost:60123/devtoo..., se:cdpVersion: 107.0.1418.35, setWindowRect: true, strictFileInteractability: false, timeouts: {implicit: 0, pageLoad: 300000, script: 30000}, unhandledPromptBehavior: dismiss and notify, webauthn:extension:credBlob: true, webauthn:extension:largeBlob: true, webauthn:virtualAuthenticators: true}
Session ID: f7864961e8c0154f789cccda965de17b
	at org.openqa.selenium.remote.codec.w3c.W3CHttpResponseCodec.createException(W3CHttpResponseCodec.java:200)
	at org.openqa.selenium.remote.codec.w3c.W3CHttpResponseCodec.decode(W3CHttpResponseCodec.java:133)
	at org.openqa.selenium.remote.codec.w3c.W3CHttpResponseCodec.decode(W3CHttpResponseCodec.java:53)
	at org.openqa.selenium.remote.HttpCommandExecutor.execute(HttpCommandExecutor.java:184)
	at org.openqa.selenium.remote.service.DriverCommandExecutor.invokeExecute(DriverCommandExecutor.java:167)
	at org.openqa.selenium.remote.service.DriverCommandExecutor.execute(DriverCommandExecutor.java:142)
	at org.openqa.selenium.remote.RemoteWebDriver.execute(RemoteWebDriver.java:547)
	at org.openqa.selenium.remote.ElementLocation$ElementFinder$2.findElement(ElementLocation.java:162)
	at org.openqa.selenium.remote.ElementLocation.findElement(ElementLocation.java:60)
	at org.openqa.selenium.remote.RemoteWebDriver.findElement(RemoteWebDriver.java:365)
	at org.openqa.selenium.remote.RemoteWebDriver.findElement(RemoteWebDriver.java:357)
	at org.openqa.selenium.support.ui.ExpectedConditions$6.apply(ExpectedConditions.java:174)
	at org.openqa.selenium.support.ui.ExpectedConditions$6.apply(ExpectedConditions.java:171)
	at org.openqa.selenium.support.ui.FluentWait.until(FluentWait.java:208)
	... 28 more
... Removed 28 stack frames</div>
</div>
<p class="totop"><a href="#summary">back to summary</a></p>
<h2 id="m8">assignmentTestSuite.TestCase5:fillZipPostalCode</h2>
<div>
Fill in text input element for ZIP/Postal code with specified value.<br/>
</div>
<p class="totop"><a href="#summary">back to summary</a></p>
<h2 id="m9">assignmentTestSuite.TestCase5:login</h2>
<div>
Log in using login button<br/>
</div>
<p class="totop"><a href="#summary">back to summary</a></p>
<h2 id="m10">assignmentTestSuite.TestCase5:continueToCheckOut</h2>
<div>
Use button "continue".<br/>
</div>
<p class="totop"><a href="#summary">back to summary</a></p>
<h2 id="m11">assignmentTestSuite.TestCase5:open</h2>
<div>
Launching web browser and opening url defined by baseUrl variable<br/>
</div>
<p class="totop"><a href="#summary">back to summary</a></p>
<h2 id="m12">assignmentTestSuite.TestCase5:backToProducts</h2>
<div>
Go back by using "back to products" button.<br/>
</div>
<p class="totop"><a href="#summary">back to summary</a></p>
<h2 id="m13">assignmentTestSuite.TestCase5:openShoppingCartPage</h2>
<div>
Open shopping cart page by using button with shopping cart icon.<br/>
</div>
<p class="totop"><a href="#summary">back to summary</a></p>
<h2 id="m14">assignmentTestSuite.TestCase5:clickSauceLabsBackpack</h2>
<div>
Click on Sauce Labs Backpack product link to open inventory item details page<br/>
</div>
<p class="totop"><a href="#summary">back to summary</a></p>
<h2 id="m15">assignmentTestSuite.TestCase5:checkoutOrder</h2>
<div>
Open check out form by using "check out" button.<br/>
</div>
<p class="totop"><a href="#summary">back to summary</a></p>
<h2 id="m16">assignmentTestSuite.TestCase5:fillFirstName</h2>
<div>
Fill in text input element for first name with specified value.<br/>
</div>
<p class="totop"><a href="#summary">back to summary</a></p>
<h2 id="m17">assignmentTestSuite.TestCase5:inputUsername</h2>
<div>
Wait until login wrapper element is visible.<br/>
Filling in username text input element<br/>
</div>
<p class="totop"><a href="#summary">back to summary</a></p>
<h2 id="m18">assignmentTestSuite.TestCase5:fillLastName</h2>
<div>
Fill in text input element for last name with specified value.<br/>
</div>
<p class="totop"><a href="#summary">back to summary</a></p>
<h2 id="m19">assignmentTestSuite.TestCase5:inputPassword</h2>
<div>
Filling in password text input element<br/>
</div>
<p class="totop"><a href="#summary">back to summary</a></p>
</body></html>
